0 info it worked if it ends with ok
1 verbose cli [ 'node',
1 verbose cli   '/usr/local/bin/npm',
1 verbose cli   'install',
1 verbose cli   '--save',
1 verbose cli   'immutablejs' ]
2 info using npm@1.4.28
3 info using node@v0.10.32
4 warn package.json cashflow@0.0.0 No description
5 warn package.json cashflow@0.0.0 No README data
6 verbose readDependencies using package.json deps
7 verbose cache add [ 'immutablejs', null ]
8 verbose cache add name=undefined spec="immutablejs" args=["immutablejs",null]
9 verbose parsed url { protocol: null,
9 verbose parsed url   slashes: null,
9 verbose parsed url   auth: null,
9 verbose parsed url   host: null,
9 verbose parsed url   port: null,
9 verbose parsed url   hostname: null,
9 verbose parsed url   hash: null,
9 verbose parsed url   search: null,
9 verbose parsed url   query: null,
9 verbose parsed url   pathname: 'immutablejs',
9 verbose parsed url   path: 'immutablejs',
9 verbose parsed url   href: 'immutablejs' }
10 silly lockFile 213e8f8e-immutablejs immutablejs
11 verbose lock immutablejs /Users/francesco/.npm/213e8f8e-immutablejs.lock
12 silly lockFile 213e8f8e-immutablejs immutablejs
13 silly lockFile 213e8f8e-immutablejs immutablejs
14 verbose addNamed [ 'immutablejs', '' ]
15 verbose addNamed [ null, '*' ]
16 silly lockFile 731bcd14-immutablejs immutablejs@
17 verbose lock immutablejs@ /Users/francesco/.npm/731bcd14-immutablejs.lock
18 silly addNameRange { name: 'immutablejs', range: '*', hasData: false }
19 verbose request where is /immutablejs
20 verbose request registry https://registry.npmjs.org/
21 verbose request id ed27e7dba260fc6f
22 verbose url raw /immutablejs
23 verbose url resolving [ 'https://registry.npmjs.org/', './immutablejs' ]
24 verbose url resolved https://registry.npmjs.org/immutablejs
25 verbose request where is https://registry.npmjs.org/immutablejs
26 info trying registry request attempt 1 at 15:19:44
27 http GET https://registry.npmjs.org/immutablejs
28 http 404 https://registry.npmjs.org/immutablejs
29 verbose headers { date: 'Tue, 04 Nov 2014 14:19:44 GMT',
29 verbose headers   server: 'CouchDB/1.5.0 (Erlang OTP/R16B03)',
29 verbose headers   'content-type': 'application/json',
29 verbose headers   'cache-control': 'max-age=0',
29 verbose headers   'content-length': '52',
29 verbose headers   'accept-ranges': 'bytes',
29 verbose headers   via: '1.1 varnish',
29 verbose headers   age: '0',
29 verbose headers   'x-served-by': 'cache-fra1227-FRA',
29 verbose headers   'x-cache': 'MISS',
29 verbose headers   'x-cache-hits': '0',
29 verbose headers   'x-timer': 'S1415110784.622120,VS0,VE106',
29 verbose headers   'keep-alive': 'timeout=10, max=50',
29 verbose headers   connection: 'Keep-Alive' }
30 silly registry.get cb [ 404,
30 silly registry.get   { date: 'Tue, 04 Nov 2014 14:19:44 GMT',
30 silly registry.get     server: 'CouchDB/1.5.0 (Erlang OTP/R16B03)',
30 silly registry.get     'content-type': 'application/json',
30 silly registry.get     'cache-control': 'max-age=0',
30 silly registry.get     'content-length': '52',
30 silly registry.get     'accept-ranges': 'bytes',
30 silly registry.get     via: '1.1 varnish',
30 silly registry.get     age: '0',
30 silly registry.get     'x-served-by': 'cache-fra1227-FRA',
30 silly registry.get     'x-cache': 'MISS',
30 silly registry.get     'x-cache-hits': '0',
30 silly registry.get     'x-timer': 'S1415110784.622120,VS0,VE106',
30 silly registry.get     'keep-alive': 'timeout=10, max=50',
30 silly registry.get     connection: 'Keep-Alive' } ]
31 silly lockFile 731bcd14-immutablejs immutablejs@
32 silly lockFile 731bcd14-immutablejs immutablejs@
33 error 404 404 Not Found: immutablejs
33 error 404
33 error 404 'immutablejs' is not in the npm registry.
33 error 404 You should bug the author to publish it
33 error 404 It was specified as a dependency of 'cashflow'
33 error 404
33 error 404 Note that you can also install from a
33 error 404 tarball, folder, or http url, or git url.
34 error System Darwin 14.0.0
35 error command "node" "/usr/local/bin/npm" "install" "--save" "immutablejs"
36 error cwd /Users/francesco/Programmazione/buildo/cashflow
37 error node -v v0.10.32
38 error npm -v 1.4.28
39 error code E404
40 verbose exit [ 1, true ]
